\BOOKMARK [0][-]{chapter.1}{Introduction}{}% 1
\BOOKMARK [1][-]{section.1.1}{Description of the problem}{chapter.1}% 2
\BOOKMARK [1][-]{section.1.2}{Purpose}{chapter.1}% 3
\BOOKMARK [2][-]{subsection.1.2.1}{Goals}{section.1.2}% 4
\BOOKMARK [1][-]{section.1.3}{Scope}{chapter.1}% 5
\BOOKMARK [1][-]{section.1.4}{Definitions, acronyms and abbreviations}{chapter.1}% 6
\BOOKMARK [1][-]{section.1.5}{Reference Documents}{chapter.1}% 7
\BOOKMARK [1][-]{section.1.6}{Overview}{chapter.1}% 8
\BOOKMARK [0][-]{chapter.2}{Overall Description}{}% 9
\BOOKMARK [1][-]{section.2.1}{Product perspective}{chapter.2}% 10
\BOOKMARK [1][-]{section.2.2}{User characteristics}{chapter.2}% 11
\BOOKMARK [1][-]{section.2.3}{Assumptions}{chapter.2}% 12
\BOOKMARK [2][-]{subsection.2.3.1}{Text assumptions}{section.2.3}% 13
\BOOKMARK [2][-]{subsection.2.3.2}{Domain assumptions}{section.2.3}% 14
\BOOKMARK [0][-]{chapter.3}{Specific Requirements}{}% 15
\BOOKMARK [1][-]{section.3.1}{External Interface Requirements}{chapter.3}% 16
\BOOKMARK [2][-]{subsection.3.1.1}{User Interfaces}{section.3.1}% 17
\BOOKMARK [2][-]{subsection.3.1.2}{Hardware Interfaces}{section.3.1}% 18
\BOOKMARK [2][-]{subsection.3.1.3}{Software Interfaces}{section.3.1}% 19
\BOOKMARK [1][-]{section.3.2}{Functional Requirements}{chapter.3}% 20
\BOOKMARK [1][-]{section.3.3}{Non Functional Requirements}{chapter.3}% 21
\BOOKMARK [0][-]{chapter.4}{Scenarios}{}% 22
\BOOKMARK [0][-]{chapter.5}{Modeling the Requirements}{}% 23
\BOOKMARK [1][-]{section.5.1}{UML Models}{chapter.5}% 24
\BOOKMARK [2][-]{subsection.5.1.1}{Use Cases}{section.5.1}% 25
\BOOKMARK [2][-]{subsection.5.1.2}{Class Diagram}{section.5.1}% 26
\BOOKMARK [2][-]{subsection.5.1.3}{Sequence Diagram}{section.5.1}% 27
\BOOKMARK [2][-]{subsection.5.1.4}{Statechart Diagram}{section.5.1}% 28
\BOOKMARK [2][-]{subsection.5.1.5}{Activity Diagram}{section.5.1}% 29
\BOOKMARK [1][-]{section.5.2}{Alloy}{chapter.5}% 30
\BOOKMARK [2][-]{subsection.5.2.1}{Source Code}{section.5.2}% 31
\BOOKMARK [2][-]{subsection.5.2.2}{Generated World}{section.5.2}% 32
\BOOKMARK [0][-]{chapter.6}{RASD Preparation}{}% 33
\BOOKMARK [1][-]{section.6.1}{Tools}{chapter.6}% 34
\BOOKMARK [1][-]{section.6.2}{Timing}{chapter.6}% 35
