This is pdfTeX, Version 3.14159265-2.6-1.40.17 (MiKTeX 2.9) (preloaded format=pdflatex 2016.10.25)  9 DEC 2016 22:44
entering extended mode
**./rasd.tex
(rasd.tex
LaTeX2e <2016/03/31> patch level 3
Babel <3.9r> and hyphenation patterns for 75 language(s) loaded.
("C:\Program Files (x86)\MiKTeX 2.9\tex\latex\base\report.cls"
Document Class: report 2014/09/29 v1.4h Standard LaTeX document class
("C:\Program Files (x86)\MiKTeX 2.9\tex\latex\base\size11.clo"
File: size11.clo 2014/09/29 v1.4h Standard LaTeX file (size option)
)
\c@part=\count79
\c@chapter=\count80
\c@section=\count81
\c@subsection=\count82
\c@subsubsection=\count83
\c@paragraph=\count84
\c@subparagraph=\count85
\c@figure=\count86
\c@table=\count87
\abovecaptionskip=\skip41
\belowcaptionskip=\skip42
\bibindent=\dimen102
) (prefs.tex
("C:\Program Files (x86)\MiKTeX 2.9\tex\latex\geometry\geometry.sty"
Package: geometry 2010/09/12 v5.6 Page Geometry

("C:\Program Files (x86)\MiKTeX 2.9\tex\latex\graphics\keyval.sty"
Package: keyval 2014/10/28 v1.15 key=value parser (DPC)
\KV@toks@=\toks14
)
("C:\Program Files (x86)\MiKTeX 2.9\tex\generic\oberdiek\ifpdf.sty"
Package: ifpdf 2016/05/14 v3.1 Provides the ifpdf switch
)
("C:\Program Files (x86)\MiKTeX 2.9\tex\generic\oberdiek\ifvtex.sty"
Package: ifvtex 2016/05/16 v1.6 Detect VTeX and its facilities (HO)
Package ifvtex Info: VTeX not detected.
)
("C:\Program Files (x86)\MiKTeX 2.9\tex\generic\ifxetex\ifxetex.sty"
Package: ifxetex 2010/09/12 v0.6 Provides ifxetex conditional
)
\Gm@cnth=\count88
\Gm@cntv=\count89
\c@Gm@tempcnt=\count90
\Gm@bindingoffset=\dimen103
\Gm@wd@mp=\dimen104
\Gm@odd@mp=\dimen105
\Gm@even@mp=\dimen106
\Gm@layoutwidth=\dimen107
\Gm@layoutheight=\dimen108
\Gm@layouthoffset=\dimen109
\Gm@layoutvoffset=\dimen110
\Gm@dimlist=\toks15

("C:\Program Files (x86)\MiKTeX 2.9\tex\latex\geometry\geometry.cfg"))
("C:\Program Files (x86)\MiKTeX 2.9\tex\generic\babel\babel.sty"
Package: babel 2016/04/23 3.9r The Babel package

*************************************
* Local config file bblopts.cfg used
*
("C:\Program Files (x86)\MiKTeX 2.9\tex\latex\arabi\bblopts.cfg"
File: bblopts.cfg 2005/09/08 v0.1 add Arabic and Farsi to "declared" options of
 babel
)
("C:\Program Files (x86)\MiKTeX 2.9\tex\latex\babel-english\english.ldf"
Language: english 2012/08/20 v3.3p English support from the babel system

("C:\Program Files (x86)\MiKTeX 2.9\tex\generic\babel\babel.def"
File: babel.def 2016/04/23 3.9r Babel common definitions
\babel@savecnt=\count91
\U@D=\dimen111
)
\l@canadian = a dialect from \language\l@american 
\l@australian = a dialect from \language\l@british 
\l@newzealand = a dialect from \language\l@british 
))
("C:\Program Files (x86)\MiKTeX 2.9\tex\latex\base\fontenc.sty"
Package: fontenc 2016/06/19 v1.99m Standard LaTeX package

("C:\Program Files (x86)\MiKTeX 2.9\tex\latex\base\t1enc.def"
File: t1enc.def 2016/06/19 v1.99m Standard LaTeX file
LaTeX Font Info:    Redeclaring font encoding T1 on input line 48.
))
("C:\Program Files (x86)\MiKTeX 2.9\tex\latex\base\inputenc.sty"
Package: inputenc 2015/03/17 v1.2c Input encoding file
\inpenc@prehook=\toks16
\inpenc@posthook=\toks17

("C:\Program Files (x86)\MiKTeX 2.9\tex\latex\base\latin1.def"
File: latin1.def 2015/03/17 v1.2c Input encoding file
))
("C:\Program Files (x86)\MiKTeX 2.9\tex\latex\graphics\graphicx.sty"
Package: graphicx 2014/10/28 v1.0g Enhanced LaTeX Graphics (DPC,SPQR)

("C:\Program Files (x86)\MiKTeX 2.9\tex\latex\graphics\graphics.sty"
Package: graphics 2016/07/10 v1.0t Standard LaTeX Graphics (DPC,SPQR)

("C:\Program Files (x86)\MiKTeX 2.9\tex\latex\graphics\trig.sty"
Package: trig 2016/01/03 v1.10 sin cos tan (DPC)
)
("C:\Program Files (x86)\MiKTeX 2.9\tex\latex\00miktex\graphics.cfg"
File: graphics.cfg 2016/06/04 v1.11 sample graphics configuration
)
Package graphics Info: Driver file: pdftex.def on input line 99.

("C:\Program Files (x86)\MiKTeX 2.9\tex\latex\graphics-def\pdftex.def"
File: pdftex.def 2016/07/10 v0.06j Graphics/color for pdfTeX

("C:\Program Files (x86)\MiKTeX 2.9\tex\generic\oberdiek\infwarerr.sty"
Package: infwarerr 2016/05/16 v1.4 Providing info/warning/error messages (HO)
)
("C:\Program Files (x86)\MiKTeX 2.9\tex\generic\oberdiek\ltxcmds.sty"
Package: ltxcmds 2016/05/16 v1.23 LaTeX kernel commands for general use (HO)
)
\Gread@gobject=\count92
))
\Gin@req@height=\dimen112
\Gin@req@width=\dimen113
)
("C:\Program Files (x86)\MiKTeX 2.9\tex\latex\titlesec\titlesec.sty"
Package: titlesec 2016/03/21 v2.10.2 Sectioning titles
\ttl@box=\box26
\beforetitleunit=\skip43
\aftertitleunit=\skip44
\ttl@plus=\dimen114
\ttl@minus=\dimen115
\ttl@toksa=\toks18
\titlewidth=\dimen116
\titlewidthlast=\dimen117
\titlewidthfirst=\dimen118
)
("C:\Program Files (x86)\MiKTeX 2.9\tex\latex\blindtext\blindtext.sty"
Package: blindtext 2012/01/06 V2.0 blindtext-Package

("C:\Program Files (x86)\MiKTeX 2.9\tex\latex\tools\xspace.sty"
Package: xspace 2014/10/28 v1.13 Space after command names (DPC,MH)
)
\c@blindtext=\count93
\c@Blindtext=\count94
\c@blind@countparstart=\count95
\blind@countxx=\count96
\blindtext@numBlindtext=\count97
\blind@countyy=\count98
\c@blindlist=\count99
\c@blindlistlevel=\count100
\c@blindlist@level=\count101
\blind@listitem=\count102
\c@blind@listcount=\count103
\c@blind@levelcount=\count104
\blind@mathformula=\count105
\blind@Mathformula=\count106
\c@blind@randomcount=\count107
\c@blind@randommax=\count108
\c@blind@pangramcount=\count109
\c@blind@pangrammax=\count110
)
("C:\Program Files (x86)\MiKTeX 2.9\tex\latex\graphics\color.sty"
Package: color 2016/07/10 v1.1e Standard LaTeX Color (DPC)

("C:\Program Files (x86)\MiKTeX 2.9\tex\latex\00miktex\color.cfg"
File: color.cfg 2016/01/02 v1.6 sample color configuration
)
Package color Info: Driver file: pdftex.def on input line 147.
)
("C:\Program Files (x86)\MiKTeX 2.9\tex\latex\fancyhdr\fancyhdr.sty"
Package: fancyhdr 2016/09/06 3.8 Extensive control of page headers and footers
\fancy@headwidth=\skip45
\f@ncyO@elh=\skip46
\f@ncyO@erh=\skip47
\f@ncyO@olh=\skip48
\f@ncyO@orh=\skip49
\f@ncyO@elf=\skip50
\f@ncyO@erf=\skip51
\f@ncyO@olf=\skip52
\f@ncyO@orf=\skip53
)
("C:\Program Files (x86)\MiKTeX 2.9\tex\latex\hyperref\hyperref.sty"
Package: hyperref 2016/06/24 v6.83q Hypertext links for LaTeX

("C:\Program Files (x86)\MiKTeX 2.9\tex\generic\oberdiek\hobsub-hyperref.sty"
Package: hobsub-hyperref 2016/05/16 v1.14 Bundle oberdiek, subset hyperref (HO)


("C:\Program Files (x86)\MiKTeX 2.9\tex\generic\oberdiek\hobsub-generic.sty"
Package: hobsub-generic 2016/05/16 v1.14 Bundle oberdiek, subset generic (HO)
Package: hobsub 2016/05/16 v1.14 Construct package bundles (HO)
Package hobsub Info: Skipping package `infwarerr' (already loaded).
Package hobsub Info: Skipping package `ltxcmds' (already loaded).
Package: ifluatex 2016/05/16 v1.4 Provides the ifluatex switch (HO)
Package ifluatex Info: LuaTeX not detected.
Package hobsub Info: Skipping package `ifvtex' (already loaded).
Package: intcalc 2016/05/16 v1.2 Expandable calculations with integers (HO)
Package hobsub Info: Skipping package `ifpdf' (already loaded).
Package: etexcmds 2016/05/16 v1.6 Avoid name clashes with e-TeX commands (HO)
Package etexcmds Info: Could not find \expanded.
(etexcmds)             That can mean that you are not using pdfTeX 1.50 or
(etexcmds)             that some package has redefined \expanded.
(etexcmds)             In the latter case, load this package earlier.
Package: kvsetkeys 2016/05/16 v1.17 Key value parser (HO)
Package: kvdefinekeys 2016/05/16 v1.4 Define keys (HO)
Package: pdftexcmds 2016/05/21 v0.22 Utility functions of pdfTeX for LuaTeX (HO
)
Package pdftexcmds Info: LuaTeX not detected.
Package pdftexcmds Info: \pdf@primitive is available.
Package pdftexcmds Info: \pdf@ifprimitive is available.
Package pdftexcmds Info: \pdfdraftmode found.
Package: pdfescape 2016/05/16 v1.14 Implements pdfTeX's escape features (HO)
Package: bigintcalc 2016/05/16 v1.4 Expandable calculations on big integers (HO
)
Package: bitset 2016/05/16 v1.2 Handle bit-vector datatype (HO)
Package: uniquecounter 2016/05/16 v1.3 Provide unlimited unique counter (HO)
)
Package hobsub Info: Skipping package `hobsub' (already loaded).
Package: letltxmacro 2016/05/16 v1.5 Let assignment for LaTeX macros (HO)
Package: hopatch 2016/05/16 v1.3 Wrapper for package hooks (HO)
Package: xcolor-patch 2016/05/16 xcolor patch
Package: atveryend 2016/05/16 v1.9 Hooks at the very end of document (HO)
Package atveryend Info: \enddocument detected (standard20110627).
Package: atbegshi 2016/06/09 v1.18 At begin shipout hook (HO)
Package: refcount 2016/05/16 v3.5 Data extraction from label references (HO)
Package: hycolor 2016/05/16 v1.8 Color options for hyperref/bookmark (HO)
)
("C:\Program Files (x86)\MiKTeX 2.9\tex\latex\oberdiek\auxhook.sty"
Package: auxhook 2016/05/16 v1.4 Hooks for auxiliary files (HO)
)
("C:\Program Files (x86)\MiKTeX 2.9\tex\latex\oberdiek\kvoptions.sty"
Package: kvoptions 2016/05/16 v3.12 Key value format for package options (HO)
)
\@linkdim=\dimen119
\Hy@linkcounter=\count111
\Hy@pagecounter=\count112

("C:\Program Files (x86)\MiKTeX 2.9\tex\latex\hyperref\pd1enc.def"
File: pd1enc.def 2016/06/24 v6.83q Hyperref: PDFDocEncoding definition (HO)
)
\Hy@SavedSpaceFactor=\count113

("C:\Program Files (x86)\MiKTeX 2.9\tex\latex\00miktex\hyperref.cfg"
File: hyperref.cfg 2002/06/06 v1.2 hyperref configuration of TeXLive
)
Package hyperref Info: Hyper figures OFF on input line 4486.
Package hyperref Info: Link nesting OFF on input line 4491.
Package hyperref Info: Hyper index ON on input line 4494.
Package hyperref Info: Plain pages OFF on input line 4501.
Package hyperref Info: Backreferencing OFF on input line 4506.
Package hyperref Info: Implicit mode ON; LaTeX internals redefined.
Package hyperref Info: Bookmarks ON on input line 4735.
\c@Hy@tempcnt=\count114

("C:\Program Files (x86)\MiKTeX 2.9\tex\latex\url\url.sty"
\Urlmuskip=\muskip10
Package: url 2013/09/16  ver 3.4  Verb mode for urls, etc.
)
LaTeX Info: Redefining \url on input line 5088.
\XeTeXLinkMargin=\dimen120
\Fld@menulength=\count115
\Field@Width=\dimen121
\Fld@charsize=\dimen122
Package hyperref Info: Hyper figures OFF on input line 6342.
Package hyperref Info: Link nesting OFF on input line 6347.
Package hyperref Info: Hyper index ON on input line 6350.
Package hyperref Info: backreferencing OFF on input line 6357.
Package hyperref Info: Link coloring OFF on input line 6362.
Package hyperref Info: Link coloring with OCG OFF on input line 6367.
Package hyperref Info: PDF/A mode OFF on input line 6372.
LaTeX Info: Redefining \ref on input line 6412.
LaTeX Info: Redefining \pageref on input line 6416.
\Hy@abspage=\count116
\c@Item=\count117
\c@Hfootnote=\count118
)

Package hyperref Message: Driver (autodetected): hpdftex.

("C:\Program Files (x86)\MiKTeX 2.9\tex\latex\hyperref\hpdftex.def"
File: hpdftex.def 2016/06/24 v6.83q Hyperref driver for pdfTeX
\Fld@listcount=\count119
\c@bookmark@seq@number=\count120

("C:\Program Files (x86)\MiKTeX 2.9\tex\latex\oberdiek\rerunfilecheck.sty"
Package: rerunfilecheck 2016/05/16 v1.8 Rerun checks for auxiliary files (HO)
Package uniquecounter Info: New unique counter `rerunfilecheck' on input line 2
82.
)
\Hy@SectionHShift=\skip54
)
("C:\Program Files (x86)\MiKTeX 2.9\tex\latex\float\float.sty"
Package: float 2001/11/08 v1.3d Float enhancements (AL)
\c@float@type=\count121
\float@exts=\toks19
\float@box=\box27
\@float@everytoks=\toks20
\@floatcapt=\box28
)
("C:\Program Files (x86)\MiKTeX 2.9\tex\latex\enumitem\enumitem.sty"
Package: enumitem 2011/09/28 v3.5.2 Customized lists
\labelindent=\skip55
\enit@outerparindent=\dimen123
\enit@toks=\toks21
\enit@inbox=\box29
\enitdp@description=\count122
)
("C:\Program Files (x86)\MiKTeX 2.9\tex\latex\lastpage\lastpage.sty"
Package: lastpage 2015/03/29 v1.2m Refers to last page's name (HMM; JPG)
)
("C:\Program Files (x86)\MiKTeX 2.9\tex\latex\listings\listings.sty"
\lst@mode=\count123
\lst@gtempboxa=\box30
\lst@token=\toks22
\lst@length=\count124
\lst@currlwidth=\dimen124
\lst@column=\count125
\lst@pos=\count126
\lst@lostspace=\dimen125
\lst@width=\dimen126
\lst@newlines=\count127
\lst@lineno=\count128
\lst@maxwidth=\dimen127

("C:\Program Files (x86)\MiKTeX 2.9\tex\latex\listings\lstmisc.sty"
File: lstmisc.sty 2015/06/04 1.6 (Carsten Heinz)
\c@lstnumber=\count129
\lst@skipnumbers=\count130
\lst@framebox=\box31
)
("C:\Program Files (x86)\MiKTeX 2.9\tex\latex\listings\listings.cfg"
File: listings.cfg 2015/06/04 1.6 listings configuration
))
Package: listings 2015/06/04 1.6 (Carsten Heinz)

("C:\Program Files (x86)\MiKTeX 2.9\tex\latex\amsmath\amsmath.sty"
Package: amsmath 2016/06/28 v2.15d AMS math features
\@mathmargin=\skip56

For additional information on amsmath, use the `?' option.
("C:\Program Files (x86)\MiKTeX 2.9\tex\latex\amsmath\amstext.sty"
Package: amstext 2000/06/29 v2.01 AMS text

("C:\Program Files (x86)\MiKTeX 2.9\tex\latex\amsmath\amsgen.sty"
File: amsgen.sty 1999/11/30 v2.0 generic functions
\@emptytoks=\toks23
\ex@=\dimen128
))
("C:\Program Files (x86)\MiKTeX 2.9\tex\latex\amsmath\amsbsy.sty"
Package: amsbsy 1999/11/29 v1.2d Bold Symbols
\pmbraise@=\dimen129
)
("C:\Program Files (x86)\MiKTeX 2.9\tex\latex\amsmath\amsopn.sty"
Package: amsopn 2016/03/08 v2.02 operator names
)
\inf@bad=\count131
LaTeX Info: Redefining \frac on input line 199.
\uproot@=\count132
\leftroot@=\count133
LaTeX Info: Redefining \overline on input line 297.
\classnum@=\count134
\DOTSCASE@=\count135
LaTeX Info: Redefining \ldots on input line 394.
LaTeX Info: Redefining \dots on input line 397.
LaTeX Info: Redefining \cdots on input line 518.
\Mathstrutbox@=\box32
\strutbox@=\box33
\big@size=\dimen130
LaTeX Font Info:    Redeclaring font encoding OML on input line 634.
LaTeX Font Info:    Redeclaring font encoding OMS on input line 635.
\macc@depth=\count136
\c@MaxMatrixCols=\count137
\dotsspace@=\muskip11
\c@parentequation=\count138
\dspbrk@lvl=\count139
\tag@help=\toks24
\row@=\count140
\column@=\count141
\maxfields@=\count142
\andhelp@=\toks25
\eqnshift@=\dimen131
\alignsep@=\dimen132
\tagshift@=\dimen133
\tagwidth@=\dimen134
\totwidth@=\dimen135
\lineht@=\dimen136
\@envbody=\toks26
\multlinegap=\skip57
\multlinetaggap=\skip58
\mathdisplay@stack=\toks27
LaTeX Info: Redefining \[ on input line 2739.
LaTeX Info: Redefining \] on input line 2740.
)
("C:\Program Files (x86)\MiKTeX 2.9\tex\latex\tools\tabularx.sty"
Package: tabularx 2016/02/03 v2.11 `tabularx' package (DPC)

("C:\Program Files (x86)\MiKTeX 2.9\tex\latex\tools\array.sty"
Package: array 2014/10/28 v2.4c Tabular extension package (FMi)
\col@sep=\dimen137
\extrarowheight=\dimen138
\NC@list=\toks28
\extratabsurround=\skip59
\backup@length=\skip60
)
\TX@col@width=\dimen139
\TX@old@table=\dimen140
\TX@old@col=\dimen141
\TX@target=\dimen142
\TX@delta=\dimen143
\TX@cols=\count143
\TX@ftn=\toks29
)
Package hyperref Info: Option `colorlinks' set `true' on input line 38.
\c@Goali=\count144
\enitdp@Goal=\count145
\c@Reqi=\count146
\enitdp@Req=\count147
\c@DAi=\count148
\enitdp@DA=\count149
\c@TAi=\count150
\enitdp@TA=\count151
) (rasd.aux)
\openout1 = `rasd.aux'.

LaTeX Font Info:    Checking defaults for OML/cmm/m/it on input line 9.
LaTeX Font Info:    ... okay on input line 9.
LaTeX Font Info:    Checking defaults for T1/cmr/m/n on input line 9.
LaTeX Font Info:    ... okay on input line 9.
LaTeX Font Info:    Checking defaults for OT1/cmr/m/n on input line 9.
LaTeX Font Info:    ... okay on input line 9.
LaTeX Font Info:    Checking defaults for OMS/cmsy/m/n on input line 9.
LaTeX Font Info:    ... okay on input line 9.
LaTeX Font Info:    Checking defaults for OMX/cmex/m/n on input line 9.
LaTeX Font Info:    ... okay on input line 9.
LaTeX Font Info:    Checking defaults for U/cmr/m/n on input line 9.
LaTeX Font Info:    ... okay on input line 9.
LaTeX Font Info:    Checking defaults for PD1/pdf/m/n on input line 9.
LaTeX Font Info:    ... okay on input line 9.

*geometry* driver: auto-detecting
*geometry* detected driver: pdftex
*geometry* verbose mode - [ preamble ] result:
* driver: pdftex
* paper: a4paper
* layout: <same size as paper>
* layoutoffset:(h,v)=(0.0pt,0.0pt)
* modes: includehead includefoot 
* h-part:(L,W,R)=(85.35826pt, 426.79135pt, 85.35826pt)
* v-part:(T,H,B)=(56.9055pt, 731.23584pt, 56.9055pt)
* \paperwidth=597.50787pt
* \paperheight=845.04684pt
* \textwidth=426.79135pt
* \textheight=664.23584pt
* \oddsidemargin=13.08827pt
* \evensidemargin=13.08827pt
* \topmargin=-15.36449pt
* \headheight=12.0pt
* \headsep=25.0pt
* \topskip=11.0pt
* \footskip=30.0pt
* \marginparwidth=50.0pt
* \marginparsep=10.0pt
* \columnsep=10.0pt
* \skip\footins=10.0pt plus 4.0pt minus 2.0pt
* \hoffset=0.0pt
* \voffset=0.0pt
* \mag=1000
* \@twocolumnfalse
* \@twosidefalse
* \@mparswitchfalse
* \@reversemarginfalse
* (1in=72.27pt=25.4mm, 1cm=28.453pt)

("C:\Program Files (x86)\MiKTeX 2.9\tex\context\base\supp-pdf.mkii"
[Loading MPS to PDF converter (version 2006.09.02).]
\scratchcounter=\count152
\scratchdimen=\dimen144
\scratchbox=\box34
\nofMPsegments=\count153
\nofMParguments=\count154
\everyMPshowfont=\toks30
\MPscratchCnt=\count155
\MPscratchDim=\dimen145
\MPnumerator=\count156
\makeMPintoPDFobject=\count157
\everyMPtoPDFconversion=\toks31
) ("C:\Program Files (x86)\MiKTeX 2.9\tex\latex\oberdiek\epstopdf-base.sty"
Package: epstopdf-base 2016/05/15 v2.6 Base part for package epstopdf

("C:\Program Files (x86)\MiKTeX 2.9\tex\latex\oberdiek\grfext.sty"
Package: grfext 2016/05/16 v1.2 Manage graphics extensions (HO)
)
Package epstopdf-base Info: Redefining graphics rule for `.eps' on input line 4
38.
Package grfext Info: Graphics extension search list:
(grfext)             [.png,.pdf,.jpg,.mps,.jpeg,.jbig2,.jb2,.PNG,.PDF,.JPG,.JPE
G,.JBIG2,.JB2,.eps]
(grfext)             \AppendGraphicsExtensions on input line 456.
)
\AtBeginShipoutBox=\box35
Package hyperref Info: Link coloring ON on input line 9.

("C:\Program Files (x86)\MiKTeX 2.9\tex\latex\hyperref\nameref.sty"
Package: nameref 2016/05/21 v2.44 Cross-referencing by name of section

("C:\Program Files (x86)\MiKTeX 2.9\tex\generic\oberdiek\gettitlestring.sty"
Package: gettitlestring 2016/05/16 v1.5 Cleanup title references (HO)
)
\c@section@level=\count158
)
LaTeX Info: Redefining \ref on input line 9.
LaTeX Info: Redefining \pageref on input line 9.
LaTeX Info: Redefining \nameref on input line 9.

(rasd.out) (rasd.out)
\@outlinefile=\write3
\openout3 = `rasd.out'.

Package lastpage Info: Please have a look at the pageslts package at
(lastpage)             https://www.ctan.org/pkg/pageslts
(lastpage)             ! on input line 9.
\c@lstlisting=\count159
 (titlepage.tex
<../../logo.png, id=147, 306.14375pt x 302.12875pt>
File: ../../logo.png Graphic file (type png)
 <use ../../logo.png>
Package pdftex.def Info: ../../logo.png used on input line 15.
(pdftex.def)             Requested size: 101.02774pt x 99.70279pt.

[1

{C:/ProgramData/MiKTeX/2.9/pdftex/config/pdftex.map} <../../logo.png>])
(rasd.toc [1

])
\tf@toc=\write4
\openout4 = `rasd.toc'.



Package Fancyhdr Warning: \headheight is too small (12.0pt): 
 Make it at least 13.59999pt.
 We now make it that large for the rest of the document.
 This may cause the page layout to be inconsistent, however.

[2] (rasd.lof)
\tf@lof=\write5
\openout5 = `rasd.lof'.

 [3

]
Chapter 1.
LaTeX Font Info:    Try loading font information for OMS+cmr on input line 34.
("C:\Program Files (x86)\MiKTeX 2.9\tex\latex\base\omscmr.fd"
File: omscmr.fd 2014/09/29 v2.5h Standard LaTeX font definitions
)
LaTeX Font Info:    Font shape `OMS/cmr/m/n' in size <10.95> not available
(Font)              Font shape `OMS/cmsy/m/n' tried instead on input line 34.
pdfTeX warning (ext4): destination with the same identifier (name{page.1}) has 
been already used, duplicate ignored
<to be read again> 
                   \relax 
l.52 \item \itemtext
                    {G5} {The user can rent an available car on the spot}
[1


]
Underfull \hbox (badness 10000) in paragraph at lines 74--102

 []


Underfull \hbox (badness 10000) in paragraph at lines 74--102

 []


Underfull \hbox (badness 10000) in paragraph at lines 74--102

 []


Underfull \hbox (badness 10000) in paragraph at lines 74--102

 []


Underfull \hbox (badness 10000) in paragraph at lines 74--102

 []


Underfull \hbox (badness 10000) in paragraph at lines 74--102

 []


Underfull \hbox (badness 10000) in paragraph at lines 74--102

 []


Underfull \hbox (badness 10000) in paragraph at lines 74--102

 []


Underfull \hbox (badness 10000) in paragraph at lines 74--102

 []


Underfull \hbox (badness 10000) in paragraph at lines 74--102

 []


Underfull \hbox (badness 10000) in paragraph at lines 74--102

 []


Underfull \hbox (badness 10000) in paragraph at lines 74--102

 []

[2] [3] [4]
Chapter 2.
[5

] [6]
Chapter 3.
<../Mockups/Web.png, id=299, 3933.69624pt x 2688.0425pt>
File: ../Mockups/Web.png Graphic file (type png)

<use ../Mockups/Web.png>
Package pdftex.def Info: ../Mockups/Web.png used on input line 157.
(pdftex.def)             Requested size: 426.79135pt x 291.62498pt.

Overfull \hbox (6.79999pt too wide) in paragraph at lines 157--157
 [][] 
 []

<../Mockups/Mobile.png, id=300, 3707.8525pt x 1673.25125pt>
File: ../Mockups/Mobile.png Graphic file (type png)

<use ../Mockups/Mobile.png>
Package pdftex.def Info: ../Mockups/Mobile.png used on input line 158.
(pdftex.def)             Requested size: 426.79135pt x 192.5858pt.

Overfull \hbox (6.79999pt too wide) in paragraph at lines 158--158
 [][] 
 []

[7

pdfTeX warning (ext4): destination with the same identifier (name{figure.3.1}) 
has been already used, duplicate ignored

\AtBegShi@Output ...ipout \box \AtBeginShipoutBox 
                                                  \fi \fi 
l.159 \subsection{Hardware Interfaces}
                                       <../Mockups/Web.png>]
Underfull \hbox (badness 10000) in paragraph at lines 166--170

 []


Underfull \hbox (badness 10000) in paragraph at lines 175--178

 []

[8pdfTeX warning (ext4): destination with the same identifier (name{figure.3.2}
) has been already used, duplicate ignored

\AtBegShi@Output ...ipout \box \AtBeginShipoutBox 
                                                  \fi \fi 
l.185 \item T
             he system verifies whether the given location exists. <../Mockups/
Mobile.png>]
Underfull \hbox (badness 10000) in paragraph at lines 188--191

 []


Underfull \hbox (badness 10000) in paragraph at lines 195--198

 []


Underfull \hbox (badness 10000) in paragraph at lines 203--206

 []


Underfull \hbox (badness 10000) in paragraph at lines 224--226

 []

[9]
Underfull \hbox (badness 10000) in paragraph at lines 247--250

 []


Underfull \hbox (badness 10000) in paragraph at lines 255--257

 []

[10] [11]
Chapter 4.

Underfull \hbox (badness 10000) in paragraph at lines 269--298

 []


Underfull \hbox (badness 10000) in paragraph at lines 269--298

 []


Underfull \hbox (badness 10000) in paragraph at lines 269--298

 []


Underfull \hbox (badness 10000) in paragraph at lines 269--298

 []


Underfull \hbox (badness 10000) in paragraph at lines 269--298

 []


Underfull \hbox (badness 10000) in paragraph at lines 269--298

 []


Underfull \hbox (badness 10000) in paragraph at lines 269--298

 []


Underfull \hbox (badness 10000) in paragraph at lines 269--298

 []

[12

] [13] [14]
Chapter 5.

<../UML_Model/UML_img/General_UseCase__General_UseCaseDiagram_4.jpg, id=385, 12
99.85625pt x 936.49875pt>
File: ../UML_Model/UML_img/General_UseCase__General_UseCaseDiagram_4.jpg Graphi
c file (type jpg)

<use ../UML_Model/UML_img/General_UseCase__General_UseCaseDiagram_4.jpg>
Package pdftex.def Info: ../UML_Model/UML_img/General_UseCase__General_UseCaseD
iagram_4.jpg used on input line 305.
(pdftex.def)             Requested size: 426.79135pt x 307.48795pt.

Overfull \hbox (6.79999pt too wide) in paragraph at lines 305--305
 [][] 
 []


Overfull \hbox (23.99998pt too wide) in paragraph at lines 320--320
[][] 
 []

[15

pdfTeX warning (ext4): destination with the same identifier (name{figure.5.1}) 
has been already used, duplicate ignored

\AtBegShi@Output ...ipout \box \AtBeginShipoutBox 
                                                  \fi \fi 
l.321 
       <../UML_Model/UML_img/General_UseCase__General_UseCaseDiagram_4.jpg>]
Overfull \hbox (23.99998pt too wide) in paragraph at lines 331--331
[][] 
 []

[16]
Overfull \hbox (23.99998pt too wide) in paragraph at lines 338--338
[][] 
 []


Overfull \hbox (23.99998pt too wide) in paragraph at lines 348--348
[][] 
 []

[17]
Overfull \hbox (23.99998pt too wide) in paragraph at lines 359--359
[][] 
 []


<../UML_Model/UML_img/General_Class__General_ClassDiagram_3.jpg, id=410, 921.44
25pt x 724.7075pt>
File: ../UML_Model/UML_img/General_Class__General_ClassDiagram_3.jpg Graphic fi
le (type jpg)

<use ../UML_Model/UML_img/General_Class__General_ClassDiagram_3.jpg>
Package pdftex.def Info: ../UML_Model/UML_img/General_Class__General_ClassDiagr
am_3.jpg used on input line 362.
(pdftex.def)             Requested size: 426.79135pt x 335.65852pt.

Overfull \hbox (6.79999pt too wide) in paragraph at lines 362--362
 [][] 
 []

[18]
<../UML_Model/UML_img/Charge_Sequence__Interaction1__Charge_SequenceDiagram_9.j
pg, id=423, 626.34pt x 817.0525pt>
File: ../UML_Model/UML_img/Charge_Sequence__Interaction1__Charge_SequenceDiagra
m_9.jpg Graphic file (type jpg)

<use ../UML_Model/UML_img/Charge_Sequence__Interaction1__Charge_SequenceDiagram
_9.jpg>
Package pdftex.def Info: ../UML_Model/UML_img/Charge_Sequence__Interaction1__Ch
arge_SequenceDiagram_9.jpg used on input line 364.
(pdftex.def)             Requested size: 426.79135pt x 556.76028pt.

Overfull \hbox (6.79999pt too wide) in paragraph at lines 364--364
 [][] 
 []

<../UML_Model/UML_img/p1.jpg, id=424, 616.3025pt x 663.47874pt>
File: ../UML_Model/UML_img/p1.jpg Graphic file (type jpg)

<use ../UML_Model/UML_img/p1.jpg>
Package pdftex.def Info: ../UML_Model/UML_img/p1.jpg used on input line 365.
(pdftex.def)             Requested size: 426.79135pt x 459.47125pt.

Overfull \hbox (6.79999pt too wide) in paragraph at lines 365--365
 [][] 
 []

[19pdfTeX warning (ext4): destination with the same identifier (name{figure.5.2
}) has been already used, duplicate ignored

\AtBegShi@Output ...ipout \box \AtBeginShipoutBox 
                                                  \fi \fi 
l.365 ...}{Reservation Sequence Diagram Part 1}{0}
                                                   <../UML_Model/UML_img/Genera
l_Class__General_ClassDiagram_3.jpg>]
<../UML_Model/UML_img/p2.jpg, id=429, 616.3025pt x 582.175pt>
File: ../UML_Model/UML_img/p2.jpg Graphic file (type jpg)

<use ../UML_Model/UML_img/p2.jpg>
Package pdftex.def Info: ../UML_Model/UML_img/p2.jpg used on input line 366.
(pdftex.def)             Requested size: 426.79135pt x 403.16693pt.

Overfull \hbox (6.79999pt too wide) in paragraph at lines 366--366
 [][] 
 []

[20pdfTeX warning (ext4): destination with the same identifier (name{figure.5.3
}) has been already used, duplicate ignored

\AtBegShi@Output ...ipout \box \AtBeginShipoutBox 
                                                  \fi \fi 
l.366 ...}{Reservation Sequence Diagram Part 2}{0}
                                                   <../UML_Model/UML_img/Charge
_Sequence__Interaction1__Charge_SequenceDiagram_9.jpg>]
<../UML_Model/UML_img/p3.jpg, id=434, 616.3025pt x 868.24374pt>
File: ../UML_Model/UML_img/p3.jpg Graphic file (type jpg)

<use ../UML_Model/UML_img/p3.jpg>
Package pdftex.def Info: ../UML_Model/UML_img/p3.jpg used on input line 367.
(pdftex.def)             Requested size: 426.79135pt x 601.27481pt.

Overfull \hbox (6.79999pt too wide) in paragraph at lines 367--367
 [][] 
 []

[21pdfTeX warning (ext4): destination with the same identifier (name{figure.5.4
}) has been already used, duplicate ignored

\AtBegShi@Output ...ipout \box \AtBeginShipoutBox 
                                                  \fi \fi 
l.367 ...}{Reservation Sequence Diagram Part 3}{0}
                                                   <../UML_Model/UML_img/p1.jpg
>] [22pdfTeX warning (ext4): destination with the same identifier (name{figure.
5.5}) has been already used, duplicate ignored

\AtBegShi@Output ...ipout \box \AtBeginShipoutBox 
                                                  \fi \fi 
l.368 \subsection{Statechart Diagram}
                                      <../UML_Model/UML_img/p2.jpg>]
<../UML_Model/UML_img/Car_StateChart__Car_StateChartDiagram_0.jpg, id=444, 646.
415pt x 390.45876pt>
File: ../UML_Model/UML_img/Car_StateChart__Car_StateChartDiagram_0.jpg Graphic 
file (type jpg)

<use ../UML_Model/UML_img/Car_StateChart__Car_StateChartDiagram_0.jpg>
Package pdftex.def Info: ../UML_Model/UML_img/Car_StateChart__Car_StateChartDia
gram_0.jpg used on input line 369.
(pdftex.def)             Requested size: 426.79135pt x 257.79889pt.

Overfull \hbox (6.79999pt too wide) in paragraph at lines 369--369
 [][] 
 []

[23pdfTeX warning (ext4): destination with the same identifier (name{figure.5.6
}) has been already used, duplicate ignored

\AtBegShi@Output ...ipout \box \AtBeginShipoutBox 
                                                  \fi \fi 
l.370 \subsection{Activity Diagram}
                                    <../UML_Model/UML_img/p3.jpg>]
<../UML_Model/UML_img/Charge_Activity__Charge_ActivityDiagram_1.jpg, id=449, 74
7.79375pt x 648.4225pt>
File: ../UML_Model/UML_img/Charge_Activity__Charge_ActivityDiagram_1.jpg Graphi
c file (type jpg)

<use ../UML_Model/UML_img/Charge_Activity__Charge_ActivityDiagram_1.jpg>
Package pdftex.def Info: ../UML_Model/UML_img/Charge_Activity__Charge_ActivityD
iagram_1.jpg used on input line 371.
(pdftex.def)             Requested size: 426.79135pt x 370.07957pt.

Overfull \hbox (6.79999pt too wide) in paragraph at lines 371--371
 [][] 
 []


<../UML_Model/UML_img/Check_Activity__Check_ActivityDiagram_2.jpg, id=450, 657.
45625pt x 514.92375pt>
File: ../UML_Model/UML_img/Check_Activity__Check_ActivityDiagram_2.jpg Graphic 
file (type jpg)

<use ../UML_Model/UML_img/Check_Activity__Check_ActivityDiagram_2.jpg>
Package pdftex.def Info: ../UML_Model/UML_img/Check_Activity__Check_ActivityDia
gram_2.jpg used on input line 372.
(pdftex.def)             Requested size: 426.79135pt x 334.27219pt.

Overfull \hbox (6.79999pt too wide) in paragraph at lines 372--372
 [][] 
 []

[24pdfTeX warning (ext4): destination with the same identifier (name{figure.5.7
}) has been already used, duplicate ignored

\AtBegShi@Output ...ipout \box \AtBeginShipoutBox 
                                                  \fi \fi 
l.372 ...vityDiagram_2}{Check Activity Diagram}{0}
                                                   <../UML_Model/UML_img/Car_St
ateChart__Car_StateChartDiagram_0.jpg>]
<../UML_Model/UML_img/Registration_Activity__Registration_ActivityDiagram_6.jpg
, id=455, 1187.43625pt x 1003.75pt>
File: ../UML_Model/UML_img/Registration_Activity__Registration_ActivityDiagram_
6.jpg Graphic file (type jpg)

<use ../UML_Model/UML_img/Registration_Activity__Registration_ActivityDiagram_6
.jpg>
Package pdftex.def Info: ../UML_Model/UML_img/Registration_Activity__Registrati
on_ActivityDiagram_6.jpg used on input line 373.
(pdftex.def)             Requested size: 426.79135pt x 360.76772pt.

Overfull \hbox (6.79999pt too wide) in paragraph at lines 373--373
 [][] 
 []

[25pdfTeX warning (ext4): destination with the same identifier (name{figure.5.8
}) has been already used, duplicate ignored

\AtBegShi@Output ...ipout \box \AtBeginShipoutBox 
                                                  \fi \fi 
l.373 ...gram_6}{Registration Activity Diagram}{0}
                                                   <../UML_Model/UML_img/Charge
_Activity__Charge_ActivityDiagram_1.jpg>]
<../UML_Model/UML_img/Reservation_Activity__Reservation_ActivityDiagram_7.jpg, 
id=460, 1351.0475pt x 1367.1075pt>
File: ../UML_Model/UML_img/Reservation_Activity__Reservation_ActivityDiagram_7.
jpg Graphic file (type jpg)

<use ../UML_Model/UML_img/Reservation_Activity__Reservation_ActivityDiagram_7.j
pg>
Package pdftex.def Info: ../UML_Model/UML_img/Reservation_Activity__Reservation
_ActivityDiagram_7.jpg used on input line 374.
(pdftex.def)             Requested size: 426.79135pt x 431.85104pt.

Overfull \hbox (6.79999pt too wide) in paragraph at lines 374--374
 [][] 
 []

[26pdfTeX warning (ext4): destination with the same identifier (name{figure.5.9
}) has been already used, duplicate ignored

\AtBegShi@Output ...ipout \box \AtBeginShipoutBox 
                                                  \fi \fi 
l.374 ...agram_7}{Reservation Activity Diagram}{0}
                                                   <../UML_Model/UML_img/Check_
Activity__Check_ActivityDiagram_2.jpg>] [27pdfTeX warning (ext4): destination w
ith the same identifier (name{figure.5.10}) has been already used, duplicate ig
nored

\AtBegShi@Output ...ipout \box \AtBeginShipoutBox 
                                                  \fi \fi 
l.375 \section{Alloy}
                      <../UML_Model/UML_img/Registration_Activity__Registration
_ActivityDiagram_6.jpg>] [28pdfTeX warning (ext4): destination with the same id
entifier (name{figure.5.11}) has been already used, duplicate ignored

\AtBegShi@Output ...ipout \box \AtBeginShipoutBox 
                                                  \fi \fi 
l.389 }
        <../UML_Model/UML_img/Reservation_Activity__Reservation_ActivityDiagram
_7.jpg>] [29] [30] [31] [32] [33] [34]
<../Alloy/execution.png, id=753, 531.9875pt x 457.71pt>
File: ../Alloy/execution.png Graphic file (type png)

<use ../Alloy/execution.png>
Package pdftex.def Info: ../Alloy/execution.png used on input line 654.
(pdftex.def)             Requested size: 426.79135pt x 367.20914pt.

Overfull \hbox (6.79999pt too wide) in paragraph at lines 654--654
 [][] 
 []

<../Alloy/alloy_world1.png, id=754, 3391.67125pt x 810.02625pt>
File: ../Alloy/alloy_world1.png Graphic file (type png)

<use ../Alloy/alloy_world1.png>
Package pdftex.def Info: ../Alloy/alloy_world1.png used on input line 655.
(pdftex.def)             Requested size: 426.79135pt x 101.92047pt.
 [35]
<../Alloy/alloy_world2.png, id=778, 2526.43875pt x 668.4975pt>
File: ../Alloy/alloy_world2.png Graphic file (type png)

<use ../Alloy/alloy_world2.png>
Package pdftex.def Info: ../Alloy/alloy_world2.png used on input line 656.
(pdftex.def)             Requested size: 426.79135pt x 112.92903pt.
 [36pdfTeX warning (ext4): destination with the same identifier (name{figure.5.
12}) has been already used, duplicate ignored

\AtBegShi@Output ...ipout \box \AtBeginShipoutBox 
                                                  \fi \fi 
l.656 .../alloy_world2.png}{Generated world 2}{90}
                                                   <../Alloy/execution.png>]
[37pdfTeX warning (ext4): destination with the same identifier (name{figure.5.1
3}) has been already used, duplicate ignored

\AtBegShi@Output ...ipout \box \AtBeginShipoutBox 
                                                  \fi \fi 
l.657 
       <../Alloy/alloy_world1.png (PNG copy)>] [38pdfTeX warning (ext4): destin
ation with the same identifier (name{figure.5.14}) has been already used, dupli
cate ignored

\AtBegShi@Output ...ipout \box \AtBeginShipoutBox 
                                                  \fi \fi 
l.658 \chapter
              {RASD Preparation} <../Alloy/alloy_world2.png (PNG copy)>]
Chapter 6.

AED: lastpage setting LastPage
[39

]
Package atveryend Info: Empty hook `BeforeClearDocument' on input line 679.
Package atveryend Info: Empty hook `AfterLastShipout' on input line 679.
 (rasd.aux)
Package atveryend Info: Executing hook `AtVeryEndDocument' on input line 679.
Package atveryend Info: Executing hook `AtEndAfterFileList' on input line 679.
Package rerunfilecheck Info: File `rasd.out' has not changed.
(rerunfilecheck)             Checksum: 8C5A8B148507DEE8EBAE20C5789A24CF;2306.
Package atveryend Info: Empty hook `AtVeryVeryEnd' on input line 679.
 ) 
Here is how much of TeX's memory you used:
 10299 strings out of 493334
 146458 string characters out of 3136671
 426047 words of memory out of 3000000
 13211 multiletter control sequences out of 15000+200000
 24099 words of font info for 54 fonts, out of 3000000 for 9000
 1141 hyphenation exceptions out of 8191
 31i,12n,51p,1333b,1983s stack positions out of 5000i,500n,10000p,200000b,50000s
 <C:\Users\renzu\AppData\Local\MiKTeX\2.9\fonts\pk\ljfour\jknappen\ec\dpi600\
ecrm0800.pk> <C:\Users\renzu\AppData\Local\MiKTeX\2.9\fonts\pk\ljfour\jknappen\
ec\dpi600\ecbi1095.pk> <C:\Users\renzu\AppData\Local\MiKTeX\2.9\fonts\pk\ljfour
\jknappen\ec\dpi600\ecbx1200.pk> <C:\Users\renzu\AppData\Local\MiKTeX\2.9\fonts
\pk\ljfour\jknappen\ec\dpi600\ecbx1440.pk> <C:\Users\renzu\AppData\Local\MiKTeX
\2.9\fonts\pk\ljfour\jknappen\ec\dpi600\ecti1095.pk> <C:\Users\renzu\AppData\Lo
cal\MiKTeX\2.9\fonts\pk\ljfour\jknappen\ec\dpi600\ecrm1095.pk> <C:\Users\renzu\
AppData\Local\MiKTeX\2.9\fonts\pk\ljfour\jknappen\ec\dpi600\ecbx1095.pk> <C:\Us
ers\renzu\AppData\Local\MiKTeX\2.9\fonts\pk\ljfour\jknappen\ec\dpi600\ecbx2488.
pk> <C:\Users\renzu\AppData\Local\MiKTeX\2.9\fonts\pk\ljfour\jknappen\ec\dpi600
\ecti1728.pk> <C:\Users\renzu\AppData\Local\MiKTeX\2.9\fonts\pk\ljfour\jknappen
\ec\dpi600\ecrm1440.pk> <C:\Users\renzu\AppData\Local\MiKTeX\2.9\fonts\pk\ljfou
r\jknappen\ec\dpi600\ecrm1728.pk> <C:\Users\renzu\AppData\Local\MiKTeX\2.9\font
s\pk\ljfour\jknappen\ec\dpi600\ecti1440.pk> <C:\Users\renzu\AppData\Local\MiKTe
X\2.9\fonts\pk\ljfour\jknappen\ec\dpi600\ecbi2074.pk> <C:\Users\renzu\AppData\L
ocal\MiKTeX\2.9\fonts\pk\ljfour\jknappen\ec\dpi600\ecbx2074.pk> <C:\Users\renzu
\AppData\Local\MiKTeX\2.9\fonts\pk\ljfour\jknappen\ec\dpi600\eccc1440.pk> <C:\U
sers\renzu\AppData\Local\MiKTeX\2.9\fonts\pk\ljfour\jknappen\ec\dpi600\ecxc1440
.pk><C:/Program Files (x86)/MiKTeX 2.9/fonts/type1/public/amsfonts/cm/cmmi12.pf
b><C:/Program Files (x86)/MiKTeX 2.9/fonts/type1/public/amsfonts/cm/cmr10.pfb><
C:/Program Files (x86)/MiKTeX 2.9/fonts/type1/public/amsfonts/cm/cmsy10.pfb>
Output written on rasd.pdf (43 pages, 2865081 bytes).
PDF statistics:
 1414 PDF objects out of 1440 (max. 8388607)
 446 named destinations out of 1000 (max. 500000)
 374 words of extra memory for PDF output out of 10000 (max. 10000000)

